This file contains any messages produced by compilers while
running configure, to aid debugging if configure makes a mistake.

It was created by configure, which was
generated by GNU Autoconf 2.69.  Invocation command line was

  $ ./configure 

## --------- ##
## Platform. ##
## --------- ##

hostname = nuke-boy
uname -m = x86_64
uname -r = 4.4.0-57-generic
uname -s = Linux
uname -v = #78-Ubuntu SMP Fri Dec 9 23:50:32 UTC 2016

/usr/bin/uname -p = unknown
/bin/uname -X     = unknown

/bin/arch              = unknown
/usr/bin/arch -k       = unknown
/usr/convex/getsysinfo = unknown
/usr/bin/hostinfo      = unknown
/bin/machine           = unknown
/usr/bin/oslevel       = unknown
/bin/universe          = unknown

PATH: /opt/ros/kinetic/bin
PATH: /usr/local/sbin
PATH: /usr/local/bin
PATH: /usr/sbin
PATH: /usr/bin
PATH: /sbin
PATH: /bin
PATH: /usr/games
PATH: /usr/local/games
PATH: /snap/bin


## ----------- ##
## Core tests. ##
## ----------- ##

configure:2297: checking for a BSD-compatible install
configure:2365: result: /usr/bin/install -c
configure:2376: checking whether build environment is sane
configure:2431: result: yes
configure:2469: WARNING: 'missing' script is too old or missing
configure:2582: checking for a thread-safe mkdir -p
configure:2621: result: /bin/mkdir -p
configure:2628: checking for gawk
configure:2658: result: no
configure:2628: checking for mawk
configure:2644: found /usr/bin/mawk
configure:2655: result: mawk
configure:2666: checking whether make sets $(MAKE)
configure:2688: result: yes
configure:2717: checking whether make supports nested variables
configure:2734: result: yes
configure:2868: checking for gcc
configure:2884: found /usr/bin/gcc
configure:2895: result: gcc
configure:3124: checking for C compiler version
configure:3133: gcc --version >&5
gcc (Ubuntu 5.4.0-6ubuntu1~16.04.4) 5.4.0 20160609
Copyright (C) 2015 Free Software Foundation, Inc.
This is free software; see the source for copying conditions.  There is NO
warranty; not even for MERCHANTABILITY or FITNESS FOR A PARTICULAR PURPOSE.

configure:3144: $? = 0
configure:3133: gcc -v >&5
Using built-in specs.
COLLECT_GCC=gcc
COLLECT_LTO_WRAPPER=/usr/lib/gcc/x86_64-linux-gnu/5/lto-wrapper
Target: x86_64-linux-gnu
Configured with: ../src/configure -v --with-pkgversion='Ubuntu 5.4.0-6ubuntu1~16.04.4' --with-bugurl=file:///usr/share/doc/gcc-5/README.Bugs --enable-languages=c,ada,c++,java,go,d,fortran,objc,obj-c++ --prefix=/usr --program-suffix=-5 --enable-shared --enable-linker-build-id --libexecdir=/usr/lib --without-included-gettext --enable-threads=posix --libdir=/usr/lib --enable-nls --with-sysroot=/ --enable-clocale=gnu --enable-libstdcxx-debug --enable-libstdcxx-time=yes --with-default-libstdcxx-abi=new --enable-gnu-unique-object --disable-vtable-verify --enable-libmpx --enable-plugin --with-system-zlib --disable-browser-plugin --enable-java-awt=gtk --enable-gtk-cairo --with-java-home=/usr/lib/jvm/java-1.5.0-gcj-5-amd64/jre --enable-java-home --with-jvm-root-dir=/usr/lib/jvm/java-1.5.0-gcj-5-amd64 --with-jvm-jar-dir=/usr/lib/jvm-exports/java-1.5.0-gcj-5-amd64 --with-arch-directory=amd64 --with-ecj-jar=/usr/share/java/eclipse-ecj.jar --enable-objc-gc --enable-multiarch --disable-werror --with-arch-32=i686 --with-abi=m64 --with-multilib-list=m32,m64,mx32 --enable-multilib --with-tune=generic --enable-checking=release --build=x86_64-linux-gnu --host=x86_64-linux-gnu --target=x86_64-linux-gnu
Thread model: posix
gcc version 5.4.0 20160609 (Ubuntu 5.4.0-6ubuntu1~16.04.4) 
configure:3144: $? = 0
configure:3133: gcc -V >&5
gcc: error: unrecognized command line option '-V'
gcc: fatal error: no input files
compilation terminated.
configure:3144: $? = 1
configure:3133: gcc -qversion >&5
gcc: error: unrecognized command line option '-qversion'
gcc: fatal error: no input files
compilation terminated.
configure:3144: $? = 1
configure:3164: checking whether the C compiler works
configure:3186: gcc    conftest.c  >&5
configure:3190: $? = 0
configure:3238: result: yes
configure:3241: checking for C compiler default output file name
configure:3243: result: a.out
configure:3249: checking for suffix of executables
configure:3256: gcc -o conftest    conftest.c  >&5
configure:3260: $? = 0
configure:3282: result: 
configure:3304: checking whether we are cross compiling
configure:3312: gcc -o conftest    conftest.c  >&5
configure:3316: $? = 0
configure:3323: ./conftest
configure:3327: $? = 0
configure:3342: result: no
configure:3347: checking for suffix of object files
configure:3369: gcc -c   conftest.c >&5
configure:3373: $? = 0
configure:3394: result: o
configure:3398: checking whether we are using the GNU C compiler
configure:3417: gcc -c   conftest.c >&5
configure:3417: $? = 0
configure:3426: result: yes
configure:3435: checking whether gcc accepts -g
configure:3455: gcc -c -g  conftest.c >&5
configure:3455: $? = 0
configure:3496: result: yes
configure:3513: checking for gcc option to accept ISO C89
configure:3576: gcc  -c -g -O2  conftest.c >&5
configure:3576: $? = 0
configure:3589: result: none needed
configure:3620: checking for style of include used by make
configure:3648: result: GNU
configure:3674: checking dependency style of gcc
configure:3785: result: none
configure:3805: checking how to run the C preprocessor
configure:3836: gcc -E  conftest.c
configure:3836: $? = 0
configure:3850: gcc -E  conftest.c
conftest.c:11:28: fatal error: ac_nonexistent.h: No such file or directory
compilation terminated.
configure:3850: $? = 1
configure: failed program was:
| /* confdefs.h */
| #define PACKAGE_NAME ""
| #define PACKAGE_TARNAME ""
| #define PACKAGE_VERSION ""
| #define PACKAGE_STRING ""
| #define PACKAGE_BUGREPORT ""
| #define PACKAGE_URL ""
| #define PACKAGE "torcs"
| #define VERSION "1.3.7"
| /* end confdefs.h.  */
| #include <ac_nonexistent.h>
configure:3875: result: gcc -E
configure:3895: gcc -E  conftest.c
configure:3895: $? = 0
configure:3909: gcc -E  conftest.c
conftest.c:11:28: fatal error: ac_nonexistent.h: No such file or directory
compilation terminated.
configure:3909: $? = 1
configure: failed program was:
| /* confdefs.h */
| #define PACKAGE_NAME ""
| #define PACKAGE_TARNAME ""
| #define PACKAGE_VERSION ""
| #define PACKAGE_STRING ""
| #define PACKAGE_BUGREPORT ""
| #define PACKAGE_URL ""
| #define PACKAGE "torcs"
| #define VERSION "1.3.7"
| /* end confdefs.h.  */
| #include <ac_nonexistent.h>
configure:4003: checking for g++
configure:4019: found /usr/bin/g++
configure:4030: result: g++
configure:4057: checking for C++ compiler version
configure:4066: g++ --version >&5
g++ (Ubuntu 5.4.0-6ubuntu1~16.04.4) 5.4.0 20160609
Copyright (C) 2015 Free Software Foundation, Inc.
This is free software; see the source for copying conditions.  There is NO
warranty; not even for MERCHANTABILITY or FITNESS FOR A PARTICULAR PURPOSE.

configure:4077: $? = 0
configure:4066: g++ -v >&5
Using built-in specs.
COLLECT_GCC=g++
COLLECT_LTO_WRAPPER=/usr/lib/gcc/x86_64-linux-gnu/5/lto-wrapper
Target: x86_64-linux-gnu
Configured with: ../src/configure -v --with-pkgversion='Ubuntu 5.4.0-6ubuntu1~16.04.4' --with-bugurl=file:///usr/share/doc/gcc-5/README.Bugs --enable-languages=c,ada,c++,java,go,d,fortran,objc,obj-c++ --prefix=/usr --program-suffix=-5 --enable-shared --enable-linker-build-id --libexecdir=/usr/lib --without-included-gettext --enable-threads=posix --libdir=/usr/lib --enable-nls --with-sysroot=/ --enable-clocale=gnu --enable-libstdcxx-debug --enable-libstdcxx-time=yes --with-default-libstdcxx-abi=new --enable-gnu-unique-object --disable-vtable-verify --enable-libmpx --enable-plugin --with-system-zlib --disable-browser-plugin --enable-java-awt=gtk --enable-gtk-cairo --with-java-home=/usr/lib/jvm/java-1.5.0-gcj-5-amd64/jre --enable-java-home --with-jvm-root-dir=/usr/lib/jvm/java-1.5.0-gcj-5-amd64 --with-jvm-jar-dir=/usr/lib/jvm-exports/java-1.5.0-gcj-5-amd64 --with-arch-directory=amd64 --with-ecj-jar=/usr/share/java/eclipse-ecj.jar --enable-objc-gc --enable-multiarch --disable-werror --with-arch-32=i686 --with-abi=m64 --with-multilib-list=m32,m64,mx32 --enable-multilib --with-tune=generic --enable-checking=release --build=x86_64-linux-gnu --host=x86_64-linux-gnu --target=x86_64-linux-gnu
Thread model: posix
gcc version 5.4.0 20160609 (Ubuntu 5.4.0-6ubuntu1~16.04.4) 
configure:4077: $? = 0
configure:4066: g++ -V >&5
g++: error: unrecognized command line option '-V'
g++: fatal error: no input files
compilation terminated.
configure:4077: $? = 1
configure:4066: g++ -qversion >&5
g++: error: unrecognized command line option '-qversion'
g++: fatal error: no input files
compilation terminated.
configure:4077: $? = 1
configure:4081: checking whether we are using the GNU C++ compiler
configure:4100: g++ -c   conftest.cpp >&5
configure:4100: $? = 0
configure:4109: result: yes
configure:4118: checking whether g++ accepts -g
configure:4138: g++ -c -g  conftest.cpp >&5
configure:4138: $? = 0
configure:4179: result: yes
configure:4204: checking dependency style of g++
configure:4315: result: none
configure:4373: checking for ranlib
configure:4389: found /usr/bin/ranlib
configure:4400: result: ranlib
configure:4430: checking how to run the C++ preprocessor
configure:4457: g++ -E  conftest.cpp
configure:4457: $? = 0
configure:4471: g++ -E  conftest.cpp
conftest.cpp:11:28: fatal error: ac_nonexistent.h: No such file or directory
compilation terminated.
configure:4471: $? = 1
configure: failed program was:
| /* confdefs.h */
| #define PACKAGE_NAME ""
| #define PACKAGE_TARNAME ""
| #define PACKAGE_VERSION ""
| #define PACKAGE_STRING ""
| #define PACKAGE_BUGREPORT ""
| #define PACKAGE_URL ""
| #define PACKAGE "torcs"
| #define VERSION "1.3.7"
| /* end confdefs.h.  */
| #include <ac_nonexistent.h>
configure:4496: result: g++ -E
configure:4516: g++ -E  conftest.cpp
configure:4516: $? = 0
configure:4530: g++ -E  conftest.cpp
conftest.cpp:11:28: fatal error: ac_nonexistent.h: No such file or directory
compilation terminated.
configure:4530: $? = 1
configure: failed program was:
| /* confdefs.h */
| #define PACKAGE_NAME ""
| #define PACKAGE_TARNAME ""
| #define PACKAGE_VERSION ""
| #define PACKAGE_STRING ""
| #define PACKAGE_BUGREPORT ""
| #define PACKAGE_URL ""
| #define PACKAGE "torcs"
| #define VERSION "1.3.7"
| /* end confdefs.h.  */
| #include <ac_nonexistent.h>
configure:4559: checking for grep that handles long lines and -e
configure:4617: result: /bin/grep
configure:4622: checking for egrep
configure:4684: result: /bin/grep -E
configure:4689: checking for ANSI C header files
configure:4709: g++ -c -g -O2  conftest.cpp >&5
configure:4709: $? = 0
configure:4782: g++ -o conftest -g -O2   conftest.cpp  >&5
configure:4782: $? = 0
configure:4782: ./conftest
configure:4782: $? = 0
configure:4793: result: yes
configure:4802: checking for an ANSI C-conforming const
configure:4868: g++ -c -g -O2  conftest.cpp >&5
configure:4868: $? = 0
configure:4875: result: yes
configure:4883: checking for inline
configure:4899: g++ -c -g -O2  conftest.cpp >&5
configure:4899: $? = 0
configure:4907: result: inline
configure:4925: checking whether time.h and sys/time.h may both be included
configure:4945: g++ -c -g -O2  conftest.cpp >&5
configure:4945: $? = 0
configure:4952: result: yes
configure:4963: checking for ar
configure:4991: result: ar
configure:5001: checking for ld
configure:5029: result: ld
configure:5043: checking for sys/types.h
configure:5043: g++ -c -g -O2  conftest.cpp >&5
configure:5043: $? = 0
configure:5043: result: yes
configure:5043: checking for sys/stat.h
configure:5043: g++ -c -g -O2  conftest.cpp >&5
configure:5043: $? = 0
configure:5043: result: yes
configure:5043: checking for stdlib.h
configure:5043: g++ -c -g -O2  conftest.cpp >&5
configure:5043: $? = 0
configure:5043: result: yes
configure:5043: checking for string.h
configure:5043: g++ -c -g -O2  conftest.cpp >&5
configure:5043: $? = 0
configure:5043: result: yes
configure:5043: checking for memory.h
configure:5043: g++ -c -g -O2  conftest.cpp >&5
configure:5043: $? = 0
configure:5043: result: yes
configure:5043: checking for strings.h
configure:5043: g++ -c -g -O2  conftest.cpp >&5
configure:5043: $? = 0
configure:5043: result: yes
configure:5043: checking for inttypes.h
configure:5043: g++ -c -g -O2  conftest.cpp >&5
configure:5043: $? = 0
configure:5043: result: yes
configure:5043: checking for stdint.h
configure:5043: g++ -c -g -O2  conftest.cpp >&5
configure:5043: $? = 0
configure:5043: result: yes
configure:5043: checking for unistd.h
configure:5043: g++ -c -g -O2  conftest.cpp >&5
configure:5043: $? = 0
configure:5043: result: yes
configure:5055: checking whether byte ordering is bigendian
configure:5070: g++ -c -g -O2  conftest.cpp >&5
conftest.cpp:23:9: error: expected unqualified-id before 'not' token
         not a universal capable compiler
         ^
configure:5070: $? = 1
configure: failed program was:
| /* confdefs.h */
| #define PACKAGE_NAME ""
| #define PACKAGE_TARNAME ""
| #define PACKAGE_VERSION ""
| #define PACKAGE_STRING ""
| #define PACKAGE_BUGREPORT ""
| #define PACKAGE_URL ""
| #define PACKAGE "torcs"
| #define VERSION "1.3.7"
| #define STDC_HEADERS 1
| #define TIME_WITH_SYS_TIME 1
| #define HAVE_SYS_TYPES_H 1
| #define HAVE_SYS_STAT_H 1
| #define HAVE_STDLIB_H 1
| #define HAVE_STRING_H 1
| #define HAVE_MEMORY_H 1
| #define HAVE_STRINGS_H 1
| #define HAVE_INTTYPES_H 1
| #define HAVE_STDINT_H 1
| #define HAVE_UNISTD_H 1
| /* end confdefs.h.  */
| #ifndef __APPLE_CC__
| 	       not a universal capable compiler
| 	     #endif
| 	     typedef int dummy;
| 
configure:5115: g++ -c -g -O2  conftest.cpp >&5
configure:5115: $? = 0
configure:5133: g++ -c -g -O2  conftest.cpp >&5
conftest.cpp: In function 'int main()':
conftest.cpp:29:8: error: 'big' was not declared in this scope
    not big endian
        ^
configure:5133: $? = 1
configure: failed program was:
| /* confdefs.h */
| #define PACKAGE_NAME ""
| #define PACKAGE_TARNAME ""
| #define PACKAGE_VERSION ""
| #define PACKAGE_STRING ""
| #define PACKAGE_BUGREPORT ""
| #define PACKAGE_URL ""
| #define PACKAGE "torcs"
| #define VERSION "1.3.7"
| #define STDC_HEADERS 1
| #define TIME_WITH_SYS_TIME 1
| #define HAVE_SYS_TYPES_H 1
| #define HAVE_SYS_STAT_H 1
| #define HAVE_STDLIB_H 1
| #define HAVE_STRING_H 1
| #define HAVE_MEMORY_H 1
| #define HAVE_STRINGS_H 1
| #define HAVE_INTTYPES_H 1
| #define HAVE_STDINT_H 1
| #define HAVE_UNISTD_H 1
| /* end confdefs.h.  */
| #include <sys/types.h>
| 		#include <sys/param.h>
| 
| int
| main ()
| {
| #if BYTE_ORDER != BIG_ENDIAN
| 		 not big endian
| 		#endif
| 
|   ;
|   return 0;
| }
configure:5261: result: no
configure:5280: checking for X
configure:5388: g++ -E  conftest.cpp
configure:5388: $? = 0
configure:5419: g++ -o conftest -g -O2   conftest.cpp -lX11  >&5
configure:5419: $? = 0
configure:5469: result: libraries , headers 
configure:5523: checking GL/gl.h usability
configure:5523: g++ -c -g -O2 -Wall -fPIC -fno-strict-aliasing -O2 -DUSE_RANDR_EXT -DGL_GLEXT_PROTOTYPES  conftest.cpp >&5
configure:5523: $? = 0
configure:5523: result: yes
configure:5523: checking GL/gl.h presence
configure:5523: g++ -E  conftest.cpp
configure:5523: $? = 0
configure:5523: result: yes
configure:5523: checking for GL/gl.h
configure:5523: result: yes
configure:5531: checking GL/glut.h usability
configure:5531: g++ -c -g -O2 -Wall -fPIC -fno-strict-aliasing -O2 -DUSE_RANDR_EXT -DGL_GLEXT_PROTOTYPES  conftest.cpp >&5
configure:5531: $? = 0
configure:5531: result: yes
configure:5531: checking GL/glut.h presence
configure:5531: g++ -E  conftest.cpp
configure:5531: $? = 0
configure:5531: result: yes
configure:5531: checking for GL/glut.h
configure:5531: result: yes
configure:5539: checking GL/glx.h usability
configure:5539: g++ -c -g -O2 -Wall -fPIC -fno-strict-aliasing -O2 -DUSE_RANDR_EXT -DGL_GLEXT_PROTOTYPES  conftest.cpp >&5
configure:5539: $? = 0
configure:5539: result: yes
configure:5539: checking GL/glx.h presence
configure:5539: g++ -E  conftest.cpp
configure:5539: $? = 0
configure:5539: result: yes
configure:5539: checking for GL/glx.h
configure:5539: result: yes
configure:5547: checking X11/Xlib.h usability
configure:5547: g++ -c -g -O2 -Wall -fPIC -fno-strict-aliasing -O2 -DUSE_RANDR_EXT -DGL_GLEXT_PROTOTYPES  conftest.cpp >&5
configure:5547: $? = 0
configure:5547: result: yes
configure:5547: checking X11/Xlib.h presence
configure:5547: g++ -E  conftest.cpp
configure:5547: $? = 0
configure:5547: result: yes
configure:5547: checking for X11/Xlib.h
configure:5547: result: yes
configure:5555: checking X11/Xatom.h usability
configure:5555: g++ -c -g -O2 -Wall -fPIC -fno-strict-aliasing -O2 -DUSE_RANDR_EXT -DGL_GLEXT_PROTOTYPES  conftest.cpp >&5
configure:5555: $? = 0
configure:5555: result: yes
configure:5555: checking X11/Xatom.h presence
configure:5555: g++ -E  conftest.cpp
configure:5555: $? = 0
configure:5555: result: yes
configure:5555: checking for X11/Xatom.h
configure:5555: result: yes
configure:5563: checking X11/keysym.h usability
configure:5563: g++ -c -g -O2 -Wall -fPIC -fno-strict-aliasing -O2 -DUSE_RANDR_EXT -DGL_GLEXT_PROTOTYPES  conftest.cpp >&5
configure:5563: $? = 0
configure:5563: result: yes
configure:5563: checking X11/keysym.h presence
configure:5563: g++ -E  conftest.cpp
configure:5563: $? = 0
configure:5563: result: yes
configure:5563: checking for X11/keysym.h
configure:5563: result: yes
configure:5571: checking plib/ssg.h usability
configure:5571: g++ -c -g -O2 -Wall -fPIC -fno-strict-aliasing -O2 -DUSE_RANDR_EXT -DGL_GLEXT_PROTOTYPES  conftest.cpp >&5
configure:5571: $? = 0
configure:5571: result: yes
configure:5571: checking plib/ssg.h presence
configure:5571: g++ -E  conftest.cpp
configure:5571: $? = 0
configure:5571: result: yes
configure:5571: checking for plib/ssg.h
configure:5571: result: yes
configure:5579: checking plib/ul.h usability
configure:5579: g++ -c -g -O2 -Wall -fPIC -fno-strict-aliasing -O2 -DUSE_RANDR_EXT -DGL_GLEXT_PROTOTYPES  conftest.cpp >&5
configure:5579: $? = 0
configure:5579: result: yes
configure:5579: checking plib/ul.h presence
configure:5579: g++ -E  conftest.cpp
configure:5579: $? = 0
configure:5579: result: yes
configure:5579: checking for plib/ul.h
configure:5579: result: yes
configure:5587: checking plib/ssgAux.h usability
configure:5587: g++ -c -g -O2 -Wall -fPIC -fno-strict-aliasing -O2 -DUSE_RANDR_EXT -DGL_GLEXT_PROTOTYPES  conftest.cpp >&5
configure:5587: $? = 0
configure:5587: result: yes
configure:5587: checking plib/ssgAux.h presence
configure:5587: g++ -E  conftest.cpp
configure:5587: $? = 0
configure:5587: result: yes
configure:5587: checking for plib/ssgAux.h
configure:5587: result: yes
configure:5595: checking plib/js.h usability
configure:5595: g++ -c -g -O2 -Wall -fPIC -fno-strict-aliasing -O2 -DUSE_RANDR_EXT -DGL_GLEXT_PROTOTYPES  conftest.cpp >&5
configure:5595: $? = 0
configure:5595: result: yes
configure:5595: checking plib/js.h presence
configure:5595: g++ -E  conftest.cpp
configure:5595: $? = 0
configure:5595: result: yes
configure:5595: checking for plib/js.h
configure:5595: result: yes
configure:5603: checking AL/al.h usability
configure:5603: g++ -c -g -O2 -Wall -fPIC -fno-strict-aliasing -O2 -DUSE_RANDR_EXT -DGL_GLEXT_PROTOTYPES  conftest.cpp >&5
configure:5603: $? = 0
configure:5603: result: yes
configure:5603: checking AL/al.h presence
configure:5603: g++ -E  conftest.cpp
configure:5603: $? = 0
configure:5603: result: yes
configure:5603: checking for AL/al.h
configure:5603: result: yes
configure:5611: checking AL/alut.h usability
configure:5611: g++ -c -g -O2 -Wall -fPIC -fno-strict-aliasing -O2 -DUSE_RANDR_EXT -DGL_GLEXT_PROTOTYPES  conftest.cpp >&5
configure:5611: $? = 0
configure:5611: result: yes
configure:5611: checking AL/alut.h presence
configure:5611: g++ -E  conftest.cpp
configure:5611: $? = 0
configure:5611: result: yes
configure:5611: checking for AL/alut.h
configure:5611: result: yes
configure:5619: checking vorbis/vorbisfile.h usability
configure:5619: g++ -c -g -O2 -Wall -fPIC -fno-strict-aliasing -O2 -DUSE_RANDR_EXT -DGL_GLEXT_PROTOTYPES  conftest.cpp >&5
configure:5619: $? = 0
configure:5619: result: yes
configure:5619: checking vorbis/vorbisfile.h presence
configure:5619: g++ -E  conftest.cpp
configure:5619: $? = 0
configure:5619: result: yes
configure:5619: checking for vorbis/vorbisfile.h
configure:5619: result: yes
configure:5633: checking for sin in -lm
configure:5658: g++ -o conftest -g -O2 -Wall -fPIC -fno-strict-aliasing -O2 -DUSE_RANDR_EXT -DGL_GLEXT_PROTOTYPES   conftest.cpp -lm   >&5
configure:5658: $? = 0
configure:5667: result: yes
configure:5685: checking for XOpenDisplay in -lX11
configure:5710: g++ -o conftest -g -O2 -Wall -fPIC -fno-strict-aliasing -O2 -DUSE_RANDR_EXT -DGL_GLEXT_PROTOTYPES   conftest.cpp -lX11  -lm  >&5
configure:5710: $? = 0
configure:5719: result: yes
configure:5732: checking for XShmCreateImage in -lXext
configure:5757: g++ -o conftest -g -O2 -Wall -fPIC -fno-strict-aliasing -O2 -DUSE_RANDR_EXT -DGL_GLEXT_PROTOTYPES   conftest.cpp -lXext  -lX11 -lm  >&5
configure:5757: $? = 0
configure:5766: result: yes
configure:5779: checking for IceSetIOErrorHandler in -lICE
configure:5804: g++ -o conftest -g -O2 -Wall -fPIC -fno-strict-aliasing -O2 -DUSE_RANDR_EXT -DGL_GLEXT_PROTOTYPES   conftest.cpp -lICE  -lXext -lX11 -lm  >&5
configure:5804: $? = 0
configure:5813: result: yes
configure:5826: checking for SmsSetErrorHandler in -lSM
configure:5851: g++ -o conftest -g -O2 -Wall -fPIC -fno-strict-aliasing -O2 -DUSE_RANDR_EXT -DGL_GLEXT_PROTOTYPES   conftest.cpp -lSM  -lICE -lXext -lX11 -lm  >&5
configure:5851: $? = 0
configure:5860: result: yes
configure:5873: checking for XtDisplay in -lXt
configure:5898: g++ -o conftest -g -O2 -Wall -fPIC -fno-strict-aliasing -O2 -DUSE_RANDR_EXT -DGL_GLEXT_PROTOTYPES   conftest.cpp -lXt  -lSM -lICE -lXext -lX11 -lm  >&5
configure:5898: $? = 0
configure:5907: result: yes
configure:5920: checking for XOpenDevice in -lXi
configure:5945: g++ -o conftest -g -O2 -Wall -fPIC -fno-strict-aliasing -O2 -DUSE_RANDR_EXT -DGL_GLEXT_PROTOTYPES   conftest.cpp -lXi  -lXt -lSM -lICE -lXext -lX11 -lm  >&5
configure:5945: $? = 0
configure:5954: result: yes
configure:5967: checking for XmuSimpleErrorHandler in -lXmu
configure:5992: g++ -o conftest -g -O2 -Wall -fPIC -fno-strict-aliasing -O2 -DUSE_RANDR_EXT -DGL_GLEXT_PROTOTYPES   conftest.cpp -lXmu  -lXi -lXt -lSM -lICE -lXext -lX11 -lm  >&5
configure:5992: $? = 0
configure:6001: result: yes
configure:6014: checking for XF86VidModeSetViewPort in -lXxf86vm
configure:6039: g++ -o conftest -g -O2 -Wall -fPIC -fno-strict-aliasing -O2 -DUSE_RANDR_EXT -DGL_GLEXT_PROTOTYPES   conftest.cpp -lXxf86vm  -lXmu -lXi -lXt -lSM -lICE -lXext -lX11 -lm  >&5
configure:6039: $? = 0
configure:6048: result: yes
configure:6061: checking for XRenderSetSubpixelOrder in -lXrender
configure:6086: g++ -o conftest -g -O2 -Wall -fPIC -fno-strict-aliasing -O2 -DUSE_RANDR_EXT -DGL_GLEXT_PROTOTYPES   conftest.cpp -lXrender  -lXxf86vm -lXmu -lXi -lXt -lSM -lICE -lXext -lX11 -lm  >&5
configure:6086: $? = 0
configure:6095: result: yes
configure:6108: checking for XRRQueryVersion in -lXrandr
configure:6133: g++ -o conftest -g -O2 -Wall -fPIC -fno-strict-aliasing -O2 -DUSE_RANDR_EXT -DGL_GLEXT_PROTOTYPES   conftest.cpp -lXrandr  -lXrender -lXxf86vm -lXmu -lXi -lXt -lSM -lICE -lXext -lX11 -lm  >&5
configure:6133: $? = 0
configure:6142: result: yes
configure:6155: checking for alEnable in -lopenal
configure:6180: g++ -o conftest -g -O2 -Wall -fPIC -fno-strict-aliasing -O2 -DUSE_RANDR_EXT -DGL_GLEXT_PROTOTYPES   conftest.cpp -lopenal  -lXrandr -lXrender -lXxf86vm -lXmu -lXi -lXt -lSM -lICE -lXext -lX11 -lm  >&5
configure:6180: $? = 0
configure:6189: result: yes
configure:6197: checking for alutLoadWAVFile in -lalut
configure:6222: g++ -o conftest -g -O2 -Wall -fPIC -fno-strict-aliasing -O2 -DUSE_RANDR_EXT -DGL_GLEXT_PROTOTYPES   -lopenal conftest.cpp -lalut  -lXrandr -lXrender -lXxf86vm -lXmu -lXi -lXt -lSM -lICE -lXext -lX11 -lm  >&5
configure:6222: $? = 0
configure:6231: result: yes
configure:6239: checking for ov_fopen in -lvorbisfile
configure:6264: g++ -o conftest -g -O2 -Wall -fPIC -fno-strict-aliasing -O2 -DUSE_RANDR_EXT -DGL_GLEXT_PROTOTYPES   -lopenal -lalut conftest.cpp -lvorbisfile  -lXrandr -lXrender -lXxf86vm -lXmu -lXi -lXt -lSM -lICE -lXext -lX11 -lm  >&5
configure:6264: $? = 0
configure:6273: result: yes
configure:6282: checking for dlopen in -ldl
configure:6307: g++ -o conftest -g -O2 -Wall -fPIC -fno-strict-aliasing -O2 -DUSE_RANDR_EXT -DGL_GLEXT_PROTOTYPES   -lopenal -lalut -lvorbisfile conftest.cpp -ldl  -lXrandr -lXrender -lXxf86vm -lXmu -lXi -lXt -lSM -lICE -lXext -lX11 -lm  >&5
configure:6307: $? = 0
configure:6316: result: yes
configure:6327: checking for dlopen
configure:6327: g++ -o conftest -g -O2 -Wall -fPIC -fno-strict-aliasing -O2 -DUSE_RANDR_EXT -DGL_GLEXT_PROTOTYPES   -lopenal -lalut -lvorbisfile conftest.cpp -ldl -lXrandr -lXrender -lXxf86vm -lXmu -lXi -lXt -lSM -lICE -lXext -lX11 -lm  >&5
configure:6327: $? = 0
configure:6327: result: yes
configure:6337: checking for strndup
configure:6337: g++ -o conftest -g -O2 -Wall -fPIC -fno-strict-aliasing -O2 -DUSE_RANDR_EXT -DGL_GLEXT_PROTOTYPES   -lopenal -lalut -lvorbisfile conftest.cpp -ldl -lXrandr -lXrender -lXxf86vm -lXmu -lXi -lXt -lSM -lICE -lXext -lX11 -lm  >&5
configure:6337: $? = 0
configure:6337: result: yes
configure:6347: checking for crc32 in -lz
configure:6372: g++ -o conftest -g -O2 -Wall -fPIC -fno-strict-aliasing -O2 -DUSE_RANDR_EXT -DGL_GLEXT_PROTOTYPES   -lopenal -lalut -lvorbisfile conftest.cpp -lz  -ldl -lXrandr -lXrender -lXxf86vm -lXmu -lXi -lXt -lSM -lICE -lXext -lX11 -lm  >&5
configure:6372: $? = 0
configure:6381: result: yes
configure:6394: checking for png_init_io in -lpng
configure:6419: g++ -o conftest -g -O2 -Wall -fPIC -fno-strict-aliasing -O2 -DUSE_RANDR_EXT -DGL_GLEXT_PROTOTYPES   -lopenal -lalut -lvorbisfile conftest.cpp -lpng  -lz -ldl -lXrandr -lXrender -lXxf86vm -lXmu -lXi -lXt -lSM -lICE -lXext -lX11 -lm  >&5
configure:6419: $? = 0
configure:6428: result: yes
configure:6442: checking for glGetString in -lGL
configure:6467: g++ -o conftest -g -O2 -Wall -fPIC -fno-strict-aliasing -O2 -DUSE_RANDR_EXT -DGL_GLEXT_PROTOTYPES   -lopenal -lalut -lvorbisfile conftest.cpp -lGL  -lpng -lz -ldl -lXrandr -lXrender -lXxf86vm -lXmu -lXi -lXt -lSM -lICE -lXext -lX11 -lm  >&5
configure:6467: $? = 0
configure:6476: result: yes
configure:6489: checking for gluOrtho2D in -lGLU
configure:6514: g++ -o conftest -g -O2 -Wall -fPIC -fno-strict-aliasing -O2 -DUSE_RANDR_EXT -DGL_GLEXT_PROTOTYPES   -lopenal -lalut -lvorbisfile conftest.cpp -lGLU  -lGL -lpng -lz -ldl -lXrandr -lXrender -lXxf86vm -lXmu -lXi -lXt -lSM -lICE -lXext -lX11 -lm  >&5
configure:6514: $? = 0
configure:6523: result: yes
configure:6536: checking for glutSwapBuffers in -lglut
configure:6561: g++ -o conftest -g -O2 -Wall -fPIC -fno-strict-aliasing -O2 -DUSE_RANDR_EXT -DGL_GLEXT_PROTOTYPES   -lopenal -lalut -lvorbisfile conftest.cpp -lglut  -lGLU -lGL -lpng -lz -ldl -lXrandr -lXrender -lXxf86vm -lXmu -lXi -lXt -lSM -lICE -lXext -lX11 -lm  >&5
configure:6561: $? = 0
configure:6570: result: yes
configure:6584: checking for main in -lplibul
configure:6603: g++ -o conftest -g -O2 -Wall -fPIC -fno-strict-aliasing -O2 -DUSE_RANDR_EXT -DGL_GLEXT_PROTOTYPES   -lopenal -lalut -lvorbisfile conftest.cpp -lplibul  -lglut -lGLU -lGL -lpng -lz -ldl -lXrandr -lXrender -lXxf86vm -lXmu -lXi -lXt -lSM -lICE -lXext -lX11 -lm  >&5
configure:6603: $? = 0
configure:6612: result: yes
configure:6625: checking for main in -lplibsg
configure:6644: g++ -o conftest -g -O2 -Wall -fPIC -fno-strict-aliasing -O2 -DUSE_RANDR_EXT -DGL_GLEXT_PROTOTYPES   -lopenal -lalut -lvorbisfile conftest.cpp -lplibsg  -lplibul -lglut -lGLU -lGL -lpng -lz -ldl -lXrandr -lXrender -lXxf86vm -lXmu -lXi -lXt -lSM -lICE -lXext -lX11 -lm  >&5
configure:6644: $? = 0
configure:6653: result: yes
configure:6666: checking for main in -lplibsl
configure:6685: g++ -o conftest -g -O2 -Wall -fPIC -fno-strict-aliasing -O2 -DUSE_RANDR_EXT -DGL_GLEXT_PROTOTYPES   -lopenal -lalut -lvorbisfile conftest.cpp -lplibsl  -lplibsg -lplibul -lglut -lGLU -lGL -lpng -lz -ldl -lXrandr -lXrender -lXxf86vm -lXmu -lXi -lXt -lSM -lICE -lXext -lX11 -lm  >&5
configure:6685: $? = 0
configure:6694: result: yes
configure:6707: checking for main in -lplibsm
configure:6726: g++ -o conftest -g -O2 -Wall -fPIC -fno-strict-aliasing -O2 -DUSE_RANDR_EXT -DGL_GLEXT_PROTOTYPES   -lopenal -lalut -lvorbisfile conftest.cpp -lplibsm  -lplibsl -lplibsg -lplibul -lglut -lGLU -lGL -lpng -lz -ldl -lXrandr -lXrender -lXxf86vm -lXmu -lXi -lXt -lSM -lICE -lXext -lX11 -lm  >&5
configure:6726: $? = 0
configure:6735: result: yes
configure:6748: checking for main in -lplibssg
configure:6767: g++ -o conftest -g -O2 -Wall -fPIC -fno-strict-aliasing -O2 -DUSE_RANDR_EXT -DGL_GLEXT_PROTOTYPES   -lopenal -lalut -lvorbisfile conftest.cpp -lplibssg  -lplibsm -lplibsl -lplibsg -lplibul -lglut -lGLU -lGL -lpng -lz -ldl -lXrandr -lXrender -lXxf86vm -lXmu -lXi -lXt -lSM -lICE -lXext -lX11 -lm  >&5
configure:6767: $? = 0
configure:6776: result: yes
configure:6789: checking for main in -lplibssgaux
configure:6808: g++ -o conftest -g -O2 -Wall -fPIC -fno-strict-aliasing -O2 -DUSE_RANDR_EXT -DGL_GLEXT_PROTOTYPES   -lopenal -lalut -lvorbisfile conftest.cpp -lplibssgaux  -lplibssg -lplibsm -lplibsl -lplibsg -lplibul -lglut -lGLU -lGL -lpng -lz -ldl -lXrandr -lXrender -lXxf86vm -lXmu -lXi -lXt -lSM -lICE -lXext -lX11 -lm  >&5
configure:6808: $? = 0
configure:6817: result: yes
configure:6830: checking for main in -lplibjs
configure:6849: g++ -o conftest -g -O2 -Wall -fPIC -fno-strict-aliasing -O2 -DUSE_RANDR_EXT -DGL_GLEXT_PROTOTYPES   -lopenal -lalut -lvorbisfile conftest.cpp -lplibjs  -lplibssgaux -lplibssg -lplibsm -lplibsl -lplibsg -lplibul -lglut -lGLU -lGL -lpng -lz -ldl -lXrandr -lXrender -lXxf86vm -lXmu -lXi -lXt -lSM -lICE -lXext -lX11 -lm  >&5
configure:6849: $? = 0
configure:6858: result: yes
configure:6873: checking for plib 1.8.3 or newer
configure:6894: g++ -o conftest -g -O2 -Wall -fPIC -fno-strict-aliasing -O2 -DUSE_RANDR_EXT -DGL_GLEXT_PROTOTYPES   -lopenal -lalut -lvorbisfile conftest.cpp -lplibjs -lplibssgaux -lplibssg -lplibsm -lplibsl -lplibsg -lplibul -lglut -lGLU -lGL -lpng -lz -ldl -lXrandr -lXrender -lXxf86vm -lXmu -lXi -lXt -lSM -lICE -lXext -lX11 -lm  >&5
configure:6894: $? = 0
configure:6894: ./conftest
configure:6894: $? = 0
configure:6895: result: yes
configure:6908: checking for GL_VERSION_1_3
configure:6928: g++ -o conftest -g -O2 -Wall -fPIC -fno-strict-aliasing -O2 -DUSE_RANDR_EXT -DGL_GLEXT_PROTOTYPES   -lopenal -lalut -lvorbisfile conftest.cpp -lplibjs -lplibssgaux -lplibssg -lplibsm -lplibsl -lplibsg -lplibul -lglut -lGLU -lGL -lpng -lz -ldl -lXrandr -lXrender -lXxf86vm -lXmu -lXi -lXt -lSM -lICE -lXext -lX11 -lm  >&5
configure:6928: $? = 0
configure:6928: ./conftest
configure:6928: $? = 0
configure:6929: result: yes
configure:6941: checking for GL_ARB_texture_compression
configure:6961: g++ -o conftest -g -O2 -Wall -fPIC -fno-strict-aliasing -O2 -DUSE_RANDR_EXT -DGL_GLEXT_PROTOTYPES   -lopenal -lalut -lvorbisfile conftest.cpp -lplibjs -lplibssgaux -lplibssg -lplibsm -lplibsl -lplibsg -lplibul -lglut -lGLU -lGL -lpng -lz -ldl -lXrandr -lXrender -lXxf86vm -lXmu -lXi -lXt -lSM -lICE -lXext -lX11 -lm  >&5
configure:6961: $? = 0
configure:6961: ./conftest
configure:6961: $? = 0
configure:6962: result: yes
configure:7092: checking that generated files are newer than configure
configure:7098: result: done
configure:7126: creating ./config.status

## ---------------------- ##
## Running config.status. ##
## ---------------------- ##

This file was extended by config.status, which was
generated by GNU Autoconf 2.69.  Invocation command line was

  CONFIG_FILES    = 
  CONFIG_HEADERS  = 
  CONFIG_LINKS    = 
  CONFIG_COMMANDS = 
  $ ./config.status 

on nuke-boy

config.status:910: creating Make-config
config.status:910: creating src/linux/torcs
config.status:910: creating src/tools/accc/accc
config.status:910: creating src/tools/nfs2ac/nfs2ac
config.status:910: creating src/tools/nfsperf/nfsperf
config.status:910: creating src/tools/texmapper/texmapper
config.status:910: creating src/tools/trackgen/trackgen
config.status:910: creating src/doc/torcsdoc.conf
config.status:910: creating src/tools/package/specfiles/torcs-data.spec
config.status:910: creating src/tools/package/specfiles/torcs-data-cars-Patwo-Design.spec
config.status:910: creating src/tools/package/specfiles/torcs-data-cars-kcendra-gt.spec
config.status:910: creating src/tools/package/specfiles/torcs-data-cars-kcendra-sport.spec
config.status:910: creating src/tools/package/specfiles/torcs-data-cars-kcendra-roadsters.spec
config.status:910: creating src/tools/package/specfiles/torcs-data-cars-extra.spec
config.status:910: creating src/tools/package/specfiles/torcs-data-tracks-base.spec
config.status:910: creating src/tools/package/specfiles/torcs-robot-K1999.spec
config.status:910: creating src/tools/package/specfiles/torcs-robot-base.spec
config.status:910: creating src/tools/package/specfiles/torcs.spec
config.status:910: creating config.h
config.status:1139: executing depfiles commands

## ---------------- ##
## Cache variables. ##
## ---------------- ##

ac_cv_c_bigendian=no
ac_cv_c_compiler_gnu=yes
ac_cv_c_const=yes
ac_cv_c_inline=inline
ac_cv_cxx_compiler_gnu=yes
ac_cv_env_CCC_set=
ac_cv_env_CCC_value=
ac_cv_env_CC_set=
ac_cv_env_CC_value=
ac_cv_env_CFLAGS_set=
ac_cv_env_CFLAGS_value=
ac_cv_env_CPPFLAGS_set=
ac_cv_env_CPPFLAGS_value=
ac_cv_env_CPP_set=
ac_cv_env_CPP_value=
ac_cv_env_CXXCPP_set=
ac_cv_env_CXXCPP_value=
ac_cv_env_CXXFLAGS_set=
ac_cv_env_CXXFLAGS_value=
ac_cv_env_CXX_set=
ac_cv_env_CXX_value=
ac_cv_env_LDFLAGS_set=
ac_cv_env_LDFLAGS_value=
ac_cv_env_LIBS_set=
ac_cv_env_LIBS_value=
ac_cv_env_XMKMF_set=
ac_cv_env_XMKMF_value=
ac_cv_env_build_alias_set=
ac_cv_env_build_alias_value=
ac_cv_env_host_alias_set=
ac_cv_env_host_alias_value=
ac_cv_env_target_alias_set=
ac_cv_env_target_alias_value=
ac_cv_func_dlopen=yes
ac_cv_func_strndup=yes
ac_cv_have_x='have_x=yes	ac_x_includes='\'''\''	ac_x_libraries='\'''\'''
ac_cv_header_AL_al_h=yes
ac_cv_header_AL_alut_h=yes
ac_cv_header_GL_gl_h=yes
ac_cv_header_GL_glut_h=yes
ac_cv_header_GL_glx_h=yes
ac_cv_header_X11_Xatom_h=yes
ac_cv_header_X11_Xlib_h=yes
ac_cv_header_X11_keysym_h=yes
ac_cv_header_inttypes_h=yes
ac_cv_header_memory_h=yes
ac_cv_header_plib_js_h=yes
ac_cv_header_plib_ssgAux_h=yes
ac_cv_header_plib_ssg_h=yes
ac_cv_header_plib_ul_h=yes
ac_cv_header_stdc=yes
ac_cv_header_stdint_h=yes
ac_cv_header_stdlib_h=yes
ac_cv_header_string_h=yes
ac_cv_header_strings_h=yes
ac_cv_header_sys_stat_h=yes
ac_cv_header_sys_types_h=yes
ac_cv_header_time=yes
ac_cv_header_unistd_h=yes
ac_cv_header_vorbis_vorbisfile_h=yes
ac_cv_lib_GLU_gluOrtho2D=yes
ac_cv_lib_GL_glGetString=yes
ac_cv_lib_ICE_IceSetIOErrorHandler=yes
ac_cv_lib_SM_SmsSetErrorHandler=yes
ac_cv_lib_X11_XOpenDisplay=yes
ac_cv_lib_Xext_XShmCreateImage=yes
ac_cv_lib_Xi_XOpenDevice=yes
ac_cv_lib_Xmu_XmuSimpleErrorHandler=yes
ac_cv_lib_Xrandr_XRRQueryVersion=yes
ac_cv_lib_Xrender_XRenderSetSubpixelOrder=yes
ac_cv_lib_Xt_XtDisplay=yes
ac_cv_lib_Xxf86vm_XF86VidModeSetViewPort=yes
ac_cv_lib_alut_alutLoadWAVFile=yes
ac_cv_lib_dl_dlopen=yes
ac_cv_lib_glut_glutSwapBuffers=yes
ac_cv_lib_m_sin=yes
ac_cv_lib_openal_alEnable=yes
ac_cv_lib_plibjs_main=yes
ac_cv_lib_plibsg_main=yes
ac_cv_lib_plibsl_main=yes
ac_cv_lib_plibsm_main=yes
ac_cv_lib_plibssg_main=yes
ac_cv_lib_plibssgaux_main=yes
ac_cv_lib_plibul_main=yes
ac_cv_lib_png_png_init_io=yes
ac_cv_lib_vorbisfile_ov_fopen=yes
ac_cv_lib_z_crc32=yes
ac_cv_objext=o
ac_cv_path_EGREP='/bin/grep -E'
ac_cv_path_GREP=/bin/grep
ac_cv_path_install='/usr/bin/install -c'
ac_cv_path_mkdir=/bin/mkdir
ac_cv_prog_AR=ar
ac_cv_prog_AWK=mawk
ac_cv_prog_CPP='gcc -E'
ac_cv_prog_CXXCPP='g++ -E'
ac_cv_prog_LD=ld
ac_cv_prog_ac_ct_CC=gcc
ac_cv_prog_ac_ct_CXX=g++
ac_cv_prog_ac_ct_RANLIB=ranlib
ac_cv_prog_cc_c89=
ac_cv_prog_cc_g=yes
ac_cv_prog_cxx_g=yes
ac_cv_prog_make_make_set=yes
am_cv_CC_dependencies_compiler_type=none
am_cv_CXX_dependencies_compiler_type=none
am_cv_make_support_nested_variables=yes

## ----------------- ##
## Output variables. ##
## ----------------- ##

ACLOCAL='aclocal-1.13'
AMDEPBACKSLASH='\'
AMDEP_FALSE='#'
AMDEP_TRUE=''
AMTAR='$${TAR-tar}'
AM_BACKSLASH='\'
AM_DEFAULT_V='$(AM_DEFAULT_VERBOSITY)'
AM_DEFAULT_VERBOSITY='1'
AM_V='$(V)'
AR='ar'
AUTOCONF='autoconf'
AUTOHEADER='autoheader'
AUTOMAKE='automake-1.13'
AWK='mawk'
CC='gcc'
CCDEPMODE='depmode=none'
CFLAGS='-g -O2 -Wall -fPIC -fno-strict-aliasing -O2 -DUSE_RANDR_EXT -DGL_GLEXT_PROTOTYPES -Wall -fPIC -fno-strict-aliasing -O2 -DUSE_RANDR_EXT -DGL_GLEXT_PROTOTYPES'
CPP='gcc -E'
CPPFLAGS=''
CXX='g++'
CXXCPP='g++ -E'
CXXDEPMODE='depmode=none'
CXXFLAGS='-g -O2 -Wall -fPIC -fno-strict-aliasing -O2 -DUSE_RANDR_EXT -DGL_GLEXT_PROTOTYPES -Wall -fPIC -fno-strict-aliasing -O2 -DUSE_RANDR_EXT -DGL_GLEXT_PROTOTYPES'
CYGPATH_W='echo'
DEFS='-DHAVE_CONFIG_H'
DEPDIR='.deps'
ECHO_C=''
ECHO_N='-n'
ECHO_T=''
EGREP='/bin/grep -E'
EXEEXT=''
GREP='/bin/grep'
INSTALL_DATA='${INSTALL} -m 644'
INSTALL_PROGRAM='${INSTALL}'
INSTALL_SCRIPT='${INSTALL}'
INSTALL_STRIP_PROGRAM='$(install_sh) -c -s'
LD='ld'
LDFLAGS=' -lopenal -lalut -lvorbisfile'
LIBOBJS=''
LIBS='-lplibjs -lplibssgaux -lplibssg -lplibsm -lplibsl -lplibsg -lplibul -lglut -lGLU -lGL -lpng -lz -ldl -lXrandr -lXrender -lXxf86vm -lXmu -lXi -lXt -lSM -lICE -lXext -lX11 -lm '
LTLIBOBJS=''
MAKEINFO='makeinfo'
MKDIR_P='/bin/mkdir -p'
OBJEXT='o'
PACKAGE='torcs'
PACKAGE_BUGREPORT=''
PACKAGE_NAME=''
PACKAGE_STRING=''
PACKAGE_TARNAME=''
PACKAGE_URL=''
PACKAGE_VERSION=''
PATH_SEPARATOR=':'
RANLIB='ranlib'
SET_MAKE=''
SHELL='/bin/bash'
STRIP=''
TORCS_BASE='/home/roboy/torcs/torcs-1.3.7'
VERSION='1.3.7'
XMKMF=''
ac_ct_CC='gcc'
ac_ct_CXX='g++'
am__EXEEXT_FALSE=''
am__EXEEXT_TRUE='#'
am__fastdepCC_FALSE=''
am__fastdepCC_TRUE='#'
am__fastdepCXX_FALSE=''
am__fastdepCXX_TRUE='#'
am__include='include'
am__isrc=''
am__leading_dot='.'
am__nodep='_no'
am__quote=''
am__tar='$${TAR-tar} chof - "$$tardir"'
am__untar='$${TAR-tar} xf -'
bindir='${exec_prefix}/bin'
build_alias=''
datadir='${datarootdir}'
datarootdir='${prefix}/share'
docdir='${datarootdir}/doc/${PACKAGE}'
dvidir='${docdir}'
exec_prefix='${prefix}'
host_alias=''
htmldir='${docdir}'
includedir='${prefix}/include'
infodir='${datarootdir}/info'
install_sh='${SHELL} /home/roboy/torcs/torcs-1.3.7/install-sh'
libdir='${exec_prefix}/lib'
libexecdir='${exec_prefix}/libexec'
localedir='${datarootdir}/locale'
localstatedir='${prefix}/var'
mandir='${datarootdir}/man'
mkdir_p='$(MKDIR_P)'
oldincludedir='/usr/include'
pdfdir='${docdir}'
prefix='/usr/local'
program_transform_name='s,x,x,'
psdir='${docdir}'
sbindir='${exec_prefix}/sbin'
sharedstatedir='${prefix}/com'
sysconfdir='${prefix}/etc'
target_alias=''

## ----------- ##
## confdefs.h. ##
## ----------- ##

/* confdefs.h */
#define PACKAGE_NAME ""
#define PACKAGE_TARNAME ""
#define PACKAGE_VERSION ""
#define PACKAGE_STRING ""
#define PACKAGE_BUGREPORT ""
#define PACKAGE_URL ""
#define PACKAGE "torcs"
#define VERSION "1.3.7"
#define STDC_HEADERS 1
#define TIME_WITH_SYS_TIME 1
#define HAVE_SYS_TYPES_H 1
#define HAVE_SYS_STAT_H 1
#define HAVE_STDLIB_H 1
#define HAVE_STRING_H 1
#define HAVE_MEMORY_H 1
#define HAVE_STRINGS_H 1
#define HAVE_INTTYPES_H 1
#define HAVE_STDINT_H 1
#define HAVE_UNISTD_H 1
#define HAVE_LIBM 1
#define HAVE_LIBX11 1
#define HAVE_LIBXEXT 1
#define HAVE_LIBICE 1
#define HAVE_LIBSM 1
#define HAVE_LIBXT 1
#define HAVE_LIBXI 1
#define HAVE_LIBXMU 1
#define HAVE_LIBXXF86VM 1
#define HAVE_LIBXRENDER 1
#define HAVE_LIBXRANDR 1
#define HAVE_LIBDL 1
#define HAVE_STRNDUP 1
#define HAVE_LIBZ 1
#define HAVE_LIBPNG 1
#define HAVE_LIBGL 1
#define HAVE_LIBGLU 1
#define HAVE_LIBGLUT 1
#define HAVE_LIBPLIBUL 1
#define HAVE_LIBPLIBSG 1
#define HAVE_LIBPLIBSL 1
#define HAVE_LIBPLIBSM 1
#define HAVE_LIBPLIBSSG 1
#define HAVE_LIBPLIBSSGAUX 1
#define HAVE_LIBPLIBJS 1

configure: exit 0
